<?xml version="1.0" encoding="UTF-8"?>
<!-- Generated by org.testng.reporters.JUnitReportReporter -->
<testsuite skipped="0" hostname="DESKTOP-HOQMJB5" name="UITests.SeleniumFirst" tests="1" failures="0" timestamp="16 Jan 2021 01:06:26 GMT" time="29.394" errors="0">
  <testcase name="browserTest" time="29.394" classname="UITests.SeleniumFirst"/>
</testsuite> <!-- UITests.SeleniumFirst -->
