<?xml version="1.0" encoding="UTF-8"?>
<!-- Generated by org.testng.reporters.JUnitReportReporter -->
<testsuite skipped="0" hostname="DESKTOP-HOQMJB5" name="appiumtest.appiumBaseClass" tests="1" failures="0" timestamp="17 Jan 2021 01:09:39 GMT" time="0.024" errors="0">
  <testcase name="testClass" time="0.024" classname="appiumtest.appiumBaseClass"/>
</testsuite> <!-- appiumtest.appiumBaseClass -->
